<?xml version="1.0" encoding="UTF-8"?>
<testng-results skipped="0" failed="0" ignored="0" total="1" passed="1">
  <reporter-output>
  </reporter-output>
  <suite name="Default suite" duration-ms="11514" started-at="2018-02-02T20:41:13Z" finished-at="2018-02-02T20:41:24Z">
    <groups>
    </groups>
    <test name="Default test" duration-ms="11514" started-at="2018-02-02T20:41:13Z" finished-at="2018-02-02T20:41:24Z">
      <class name="com.fdc.automationDemo.browserLaunch.launchingBrowser">
        <test-method status="PASS" signature="getBrowser()[pri:0, instance:com.fdc.automationDemo.browserLaunch.launchingBrowser@2ef5e5e3]" name="getBrowser" duration-ms="11475" started-at="2018-02-03T02:11:13Z" finished-at="2018-02-03T02:11:24Z">
          <reporter-output>
          </reporter-output>
        </test-method> <!-- getBrowser -->
      </class> <!-- com.fdc.automationDemo.browserLaunch.launchingBrowser -->
    </test> <!-- Default test -->
  </suite> <!-- Default suite -->
</testng-results>
